<?xml version="1.0" encoding="UTF-8"?>
<testsuite xmlns:xsi="http://www.w3.org/2001/XMLSchema-instance" xsi:noNamespaceSchemaLocation="https://maven.apache.org/surefire/maven-surefire-plugin/xsd/surefire-test-report-3.0.xsd" version="3.0" name="TestSuite" time="228.188" tests="4" errors="0" skipped="0" failures="0">
  <properties>
[...]
</properties>
  <testcase name="testing" classname="aswaniKishore.TestDemoooo" time="10.835">
    <system-out><![CDATA[Selenium, API Testing, Software Testing & More QA Tutorials | Rahul Shetty Academy
]]></system-out>
    <system-err><![CDATA[Jun 15, 2023 7:27:47 AM org.openqa.selenium.remote.tracing.opentelemetry.OpenTelemetryTracer createTracer
INFO: Using OpenTelemetry for tracing
]]></system-err>
  </testcase>
  <testcase name="testing" classname="aswaniKishore.TestDemoooo" time="204.362">
    <system-out><![CDATA[
]]></system-out>
  </testcase>
  <testcase name="testing2" classname="aswaniKishore.TestDemo2" time="11.84">
    <system-out><![CDATA[Selenium, API Testing, Software Testing & More QA Tutorials | Rahul Shetty Academy
]]></system-out>
  </testcase>
  <testcase name="testing2" classname="aswaniKishore.TestDemo2" time="9.757">
    <system-out><![CDATA[Selenium, API Testing, Software Testing & More QA Tutorials | Rahul Shetty Academy
]]></system-out>
  </testcase>
</testsuite>