<?xml version="1.0" encoding="UTF-8"?>
<testng-results ignored="0" total="4" passed="4" failed="0" skipped="0">
  <reporter-output>
  </reporter-output>
  <suite started-at="2023-06-15T07:27:47 BST" name="Suite" finished-at="2023-06-15T07:31:34 BST" duration-ms="227113">
    <groups>
    </groups>
    <test started-at="2023-06-15T07:27:47 BST" name="Test-1" finished-at="2023-06-15T07:27:58 BST" duration-ms="10871">
      <class name="aswaniKishore.TestDemoooo">
        <test-method signature="testing()[pri:0, instance:aswaniKishore.TestDemoooo@bae47a0]" started-at="2023-06-15T07:27:47 BST" name="testing" finished-at="2023-06-15T07:27:57 BST" duration-ms="10259" status="PASS">
          <reporter-output>
          </reporter-output>
        </test-method> <!-- testing -->
      </class> <!-- aswaniKishore.TestDemoooo -->
    </test> <!-- Test-1 -->
    <test started-at="2023-06-15T07:27:58 BST" name="Test2-0" finished-at="2023-06-15T07:28:10 BST" duration-ms="11840">
      <class name="aswaniKishore.TestDemo2">
        <test-method signature="testing2()[pri:0, instance:aswaniKishore.TestDemo2@65ef722a]" started-at="2023-06-15T07:27:58 BST" name="testing2" finished-at="2023-06-15T07:28:09 BST" duration-ms="11305" status="PASS">
          <reporter-output>
          </reporter-output>
        </test-method> <!-- testing2 -->
      </class> <!-- aswaniKishore.TestDemo2 -->
    </test> <!-- Test2-0 -->
    <test started-at="2023-06-15T07:28:10 BST" name="Test2-1" finished-at="2023-06-15T07:28:19 BST" duration-ms="9759">
      <class name="aswaniKishore.TestDemo2">
        <test-method signature="testing2()[pri:0, instance:aswaniKishore.TestDemo2@10567255]" started-at="2023-06-15T07:28:10 BST" name="testing2" finished-at="2023-06-15T07:28:19 BST" duration-ms="9204" status="PASS">
          <reporter-output>
          </reporter-output>
        </test-method> <!-- testing2 -->
      </class> <!-- aswaniKishore.TestDemo2 -->
    </test> <!-- Test2-1 -->
    <test started-at="2023-06-15T07:27:47 BST" name="Test-0" finished-at="2023-06-15T07:31:34 BST" duration-ms="227113">
      <class name="aswaniKishore.TestDemoooo">
        <test-method signature="testing()[pri:0, instance:aswaniKishore.TestDemoooo@619bd14c]" started-at="2023-06-15T07:27:47 BST" name="testing" finished-at="2023-06-15T07:31:33 BST" duration-ms="226478" status="PASS">
          <reporter-output>
          </reporter-output>
        </test-method> <!-- testing -->
      </class> <!-- aswaniKishore.TestDemoooo -->
    </test> <!-- Test-0 -->
  </suite> <!-- Suite -->
</testng-results>
